Started GET "/" for 127.0.0.1 at 2018-05-16 15:54:58 +0200
  
ActiveRecord::PendingMigrationError (

Migrations are pending. To resolve this issue, run:

        bin/rails db:migrate RAILS_ENV=development

):
  
activerecord (5.2.0) lib/active_record/migration.rb:579:in `check_pending!'
activerecord (5.2.0) lib/active_record/migration.rb:556:in `call'
actionpack (5.2.0) lib/action_dispatch/middleware/callbacks.rb:28:in `block in call'
activesupport (5.2.0) lib/active_support/callbacks.rb:98:in `run_callbacks'
actionpack (5.2.0) lib/action_dispatch/middleware/callbacks.rb:26:in `call'
actionpack (5.2.0) lib/action_dispatch/middleware/executor.rb:14:in `call'
actionpack (5.2.0) lib/action_dispatch/middleware/debug_exceptions.rb:61:in `call'
web-console (3.6.2) lib/web_console/middleware.rb:135:in `call_app'
web-console (3.6.2) lib/web_console/middleware.rb:30:in `block in call'
web-console (3.6.2) lib/web_console/middleware.rb:20:in `catch'
web-console (3.6.2) lib/web_console/middleware.rb:20:in `call'
actionpack (5.2.0) lib/action_dispatch/middleware/show_exceptions.rb:33:in `call'
railties (5.2.0) lib/rails/rack/logger.rb:38:in `call_app'
railties (5.2.0) lib/rails/rack/logger.rb:26:in `block in call'
activesupport (5.2.0) lib/active_support/tagged_logging.rb:71:in `block in tagged'
activesupport (5.2.0) lib/active_support/tagged_logging.rb:28:in `tagged'
activesupport (5.2.0) lib/active_support/tagged_logging.rb:71:in `tagged'
railties (5.2.0) lib/rails/rack/logger.rb:26:in `call'
sprockets-rails (3.2.1) lib/sprockets/rails/quiet_assets.rb:13:in `call'
actionpack (5.2.0) lib/action_dispatch/middleware/remote_ip.rb:81:in `call'
actionpack (5.2.0) lib/action_dispatch/middleware/request_id.rb:27:in `call'
rack (2.0.5) lib/rack/method_override.rb:22:in `call'
rack (2.0.5) lib/rack/runtime.rb:22:in `call'
activesupport (5.2.0) lib/active_support/cache/strategy/local_cache_middleware.rb:29:in `call'
actionpack (5.2.0) lib/action_dispatch/middleware/executor.rb:14:in `call'
actionpack (5.2.0) lib/action_dispatch/middleware/static.rb:127:in `call'
rack (2.0.5) lib/rack/sendfile.rb:111:in `call'
railties (5.2.0) lib/rails/engine.rb:524:in `call'
puma (3.11.4) lib/puma/configuration.rb:225:in `call'
puma (3.11.4) lib/puma/server.rb:632:in `handle_request'
puma (3.11.4) lib/puma/server.rb:446:in `process_client'
puma (3.11.4) lib/puma/server.rb:306:in `block in run'
puma (3.11.4) lib/puma/thread_pool.rb:120:in `block in spawn_thread'
Started GET "/" for 127.0.0.1 at 2018-05-16 15:55:50 +0200
  
ActiveRecord::PendingMigrationError (

Migrations are pending. To resolve this issue, run:

        bin/rails db:migrate RAILS_ENV=development

):
  
activerecord (5.2.0) lib/active_record/migration.rb:579:in `check_pending!'
activerecord (5.2.0) lib/active_record/migration.rb:556:in `call'
actionpack (5.2.0) lib/action_dispatch/middleware/callbacks.rb:28:in `block in call'
activesupport (5.2.0) lib/active_support/callbacks.rb:98:in `run_callbacks'
actionpack (5.2.0) lib/action_dispatch/middleware/callbacks.rb:26:in `call'
actionpack (5.2.0) lib/action_dispatch/middleware/executor.rb:14:in `call'
actionpack (5.2.0) lib/action_dispatch/middleware/debug_exceptions.rb:61:in `call'
web-console (3.6.2) lib/web_console/middleware.rb:135:in `call_app'
web-console (3.6.2) lib/web_console/middleware.rb:30:in `block in call'
web-console (3.6.2) lib/web_console/middleware.rb:20:in `catch'
web-console (3.6.2) lib/web_console/middleware.rb:20:in `call'
actionpack (5.2.0) lib/action_dispatch/middleware/show_exceptions.rb:33:in `call'
railties (5.2.0) lib/rails/rack/logger.rb:38:in `call_app'
railties (5.2.0) lib/rails/rack/logger.rb:26:in `block in call'
activesupport (5.2.0) lib/active_support/tagged_logging.rb:71:in `block in tagged'
activesupport (5.2.0) lib/active_support/tagged_logging.rb:28:in `tagged'
activesupport (5.2.0) lib/active_support/tagged_logging.rb:71:in `tagged'
railties (5.2.0) lib/rails/rack/logger.rb:26:in `call'
sprockets-rails (3.2.1) lib/sprockets/rails/quiet_assets.rb:13:in `call'
actionpack (5.2.0) lib/action_dispatch/middleware/remote_ip.rb:81:in `call'
actionpack (5.2.0) lib/action_dispatch/middleware/request_id.rb:27:in `call'
rack (2.0.5) lib/rack/method_override.rb:22:in `call'
rack (2.0.5) lib/rack/runtime.rb:22:in `call'
activesupport (5.2.0) lib/active_support/cache/strategy/local_cache_middleware.rb:29:in `call'
actionpack (5.2.0) lib/action_dispatch/middleware/executor.rb:14:in `call'
actionpack (5.2.0) lib/action_dispatch/middleware/static.rb:127:in `call'
rack (2.0.5) lib/rack/sendfile.rb:111:in `call'
railties (5.2.0) lib/rails/engine.rb:524:in `call'
puma (3.11.4) lib/puma/configuration.rb:225:in `call'
puma (3.11.4) lib/puma/server.rb:632:in `handle_request'
puma (3.11.4) lib/puma/server.rb:446:in `process_client'
puma (3.11.4) lib/puma/server.rb:306:in `block in run'
puma (3.11.4) lib/puma/thread_pool.rb:120:in `block in spawn_thread'
  [1m[35m (0.2ms)[0m  [1m[34mSELECT sqlite_version(*)[0m
  ↳ bin/rails:4
  [1m[35m (127.6ms)[0m  [1m[35mCREATE TABLE "schema_migrations" ("version" varchar NOT NULL PRIMARY KEY)[0m
  ↳ bin/rails:4
  [1m[35m (152.2ms)[0m  [1m[35mCREATE TABLE "ar_internal_metadata" ("key" varchar NOT NULL PRIMARY KEY, "value" varchar, "created_at" datetime NOT NULL, "updated_at" datetime NOT NULL)[0m
  ↳ bin/rails:4
  [1m[35m (0.3ms)[0m  [1m[34mSELECT "schema_migrations"."version" FROM "schema_migrations" ORDER BY "schema_migrations"."version" ASC[0m
  ↳ bin/rails:4
Migrating to CreateSongs (20180321160846)
  [1m[35m (0.1ms)[0m  [1m[36mbegin transaction[0m
  ↳ bin/rails:4
  [1m[35m (1.2ms)[0m  [1m[35mCREATE TABLE "songs" ("id" integer PRIMARY KEY AUTOINCREMENT NOT NULL, "author" varchar, "album" varchar, "name" varchar, "length" varchar, "created_at" datetime NOT NULL, "updated_at" datetime NOT NULL)[0m
  ↳ db/migrate/20180321160846_create_songs.rb:3
  [1m[36mActiveRecord::SchemaMigration Create (0.3ms)[0m  [1m[32mINSERT INTO "schema_migrations" ("version") VALUES (?)[0m  [["version", "20180321160846"]]
  ↳ bin/rails:4
  [1m[35m (147.4ms)[0m  [1m[36mcommit transaction[0m
  ↳ bin/rails:4
Migrating to CreateProducts (20180321171318)
  [1m[35m (0.2ms)[0m  [1m[36mbegin transaction[0m
  ↳ bin/rails:4
  [1m[35m (1.0ms)[0m  [1m[35mCREATE TABLE "products" ("id" integer PRIMARY KEY AUTOINCREMENT NOT NULL, "name" varchar, "price" decimal, "short_description" text, "full_description" text, "created_at" datetime NOT NULL, "updated_at" datetime NOT NULL)[0m
  ↳ db/migrate/20180321171318_create_products.rb:3
  [1m[36mActiveRecord::SchemaMigration Create (0.5ms)[0m  [1m[32mINSERT INTO "schema_migrations" ("version") VALUES (?)[0m  [["version", "20180321171318"]]
  ↳ bin/rails:4
  [1m[35m (149.0ms)[0m  [1m[36mcommit transaction[0m
  ↳ bin/rails:4
  [1m[36mActiveRecord::InternalMetadata Load (0.8ms)[0m  [1m[34mSELECT  "ar_internal_metadata".* FROM "ar_internal_metadata" WHERE "ar_internal_metadata"."key" = ? LIMIT ?[0m  [["key", "environment"], ["LIMIT", 1]]
  ↳ bin/rails:4
  [1m[35m (0.1ms)[0m  [1m[36mbegin transaction[0m
  ↳ bin/rails:4
  [1m[36mActiveRecord::InternalMetadata Create (0.4ms)[0m  [1m[32mINSERT INTO "ar_internal_metadata" ("key", "value", "created_at", "updated_at") VALUES (?, ?, ?, ?)[0m  [["key", "environment"], ["value", "development"], ["created_at", "2018-05-16 13:56:13.811578"], ["updated_at", "2018-05-16 13:56:13.811578"]]
  ↳ bin/rails:4
  [1m[35m (165.4ms)[0m  [1m[36mcommit transaction[0m
  ↳ bin/rails:4
  [1m[35m (0.3ms)[0m  [1m[34mSELECT "schema_migrations"."version" FROM "schema_migrations" ORDER BY "schema_migrations"."version" ASC[0m
  ↳ bin/rails:4
Started GET "/" for 127.0.0.1 at 2018-05-16 15:56:21 +0200
  [1m[35m (0.3ms)[0m  [1m[34mSELECT "schema_migrations"."version" FROM "schema_migrations" ORDER BY "schema_migrations"."version" ASC[0m
  ↳ /home/mikolaj/.rvm/gems/ruby-2.5.1/gems/activerecord-5.2.0/lib/active_record/log_subscriber.rb:98
Processing by SongsController#index as HTML
  Rendering songs/index.html.erb within layouts/application
  [1m[36mSong Load (0.5ms)[0m  [1m[34mSELECT  "songs".* FROM "songs" ORDER BY id DESC LIMIT ? OFFSET ?[0m  [["LIMIT", 10], ["OFFSET", 0]]
  ↳ app/views/songs/index.html.erb:10
  Rendered songs/index.html.erb within layouts/application (16.5ms)
Started GET "/" for 127.0.0.1 at 2018-05-16 15:56:22 +0200
Processing by SongsController#index as HTML
  Rendering songs/index.html.erb within layouts/application
  [1m[36mSong Load (0.4ms)[0m  [1m[34mSELECT  "songs".* FROM "songs" ORDER BY id DESC LIMIT ? OFFSET ?[0m  [["LIMIT", 10], ["OFFSET", 0]]
  ↳ app/views/songs/index.html.erb:10
  Rendered songs/index.html.erb within layouts/application (4.7ms)
Completed 200 OK in 1073ms (Views: 1060.1ms | ActiveRecord: 1.0ms)


Completed 200 OK in 196ms (Views: 193.5ms | ActiveRecord: 0.4ms)


Started GET "/songs/new" for 127.0.0.1 at 2018-05-16 15:57:19 +0200
Processing by SongsController#new as HTML
  Rendering songs/new.html.erb within layouts/application
  Rendered songs/new.html.erb within layouts/application (41.3ms)
Completed 200 OK in 122ms (Views: 110.7ms | ActiveRecord: 0.9ms)


Started POST "/songs" for 127.0.0.1 at 2018-05-16 15:57:49 +0200
Processing by SongsController#create as HTML
  Parameters: {"utf8"=>"✓", "authenticity_token"=>"lCrjvUIE2uCvMlSZO9wyzmVAEmDBDZ5PQWJ8scI3nmvifUSDViQ8gZv4Bxo7dEiD9nrQqPkjv2rAcOWERdLmRA==", "song"=>{"author"=>"Wiktor Przybyłowski", "album"=>"Wariacje na Wakacje", "name"=>"Cruda Se Zrobiłem", "length"=>"10:50"}, "commit"=>"Create Song"}
  [1m[35m (0.1ms)[0m  [1m[36mbegin transaction[0m
  ↳ app/controllers/songs_controller.rb:17
  [1m[36mSong Create (1.4ms)[0m  [1m[32mINSERT INTO "songs" ("author", "album", "name", "length", "created_at", "updated_at") VALUES (?, ?, ?, ?, ?, ?)[0m  [["author", "Wiktor Przybyłowski"], ["album", "Wariacje na Wakacje"], ["name", "Cruda Se Zrobiłem"], ["length", "10:50"], ["created_at", "2018-05-16 13:57:49.233227"], ["updated_at", "2018-05-16 13:57:49.233227"]]
  ↳ app/controllers/songs_controller.rb:17
  [1m[35m (348.4ms)[0m  [1m[36mcommit transaction[0m
  ↳ app/controllers/songs_controller.rb:17
Redirected to http://localhost:3000/
Completed 302 Found in 366ms (ActiveRecord: 350.0ms)


Started GET "/" for 127.0.0.1 at 2018-05-16 15:57:49 +0200
Processing by SongsController#index as HTML
  Rendering songs/index.html.erb within layouts/application
  [1m[36mSong Load (0.4ms)[0m  [1m[34mSELECT  "songs".* FROM "songs" ORDER BY id DESC LIMIT ? OFFSET ?[0m  [["LIMIT", 10], ["OFFSET", 0]]
  ↳ app/views/songs/index.html.erb:10
  [1m[36mSong Load (0.3ms)[0m  [1m[34mSELECT  "songs".* FROM "songs" ORDER BY id DESC LIMIT ? OFFSET ?[0m  [["LIMIT", 1], ["OFFSET", 0]]
  ↳ app/views/songs/index.html.erb:81
  Rendered songs/index.html.erb within layouts/application (47.0ms)
Completed 200 OK in 101ms (Views: 97.3ms | ActiveRecord: 0.8ms)


Started GET "/" for 127.0.0.1 at 2018-05-16 20:33:43 +0200
  [1m[35m (0.5ms)[0m  [1m[34mSELECT "schema_migrations"."version" FROM "schema_migrations" ORDER BY "schema_migrations"."version" ASC[0m
  ↳ /home/mikolaj/.rvm/gems/ruby-2.5.1/gems/activerecord-5.2.0/lib/active_record/log_subscriber.rb:98
Processing by SongsController#index as HTML
  Rendering songs/index.html.erb within layouts/application
  [1m[36mSong Load (0.5ms)[0m  [1m[34mSELECT  "songs".* FROM "songs" ORDER BY id DESC LIMIT ? OFFSET ?[0m  [["LIMIT", 10], ["OFFSET", 0]]
  ↳ app/views/songs/index.html.erb:10
  [1m[36mSong Load (0.5ms)[0m  [1m[34mSELECT  "songs".* FROM "songs" ORDER BY id DESC LIMIT ? OFFSET ?[0m  [["LIMIT", 1], ["OFFSET", 0]]
  ↳ app/views/songs/index.html.erb:81
  Rendered songs/index.html.erb within layouts/application (162.0ms)
Completed 200 OK in 1450ms (Views: 1374.0ms | ActiveRecord: 2.6ms)


Started GET "/" for 127.0.0.1 at 2018-05-16 20:37:26 +0200
Processing by SongsController#index as HTML
  Rendering songs/index.html.erb within layouts/application
  [1m[36mSong Load (0.4ms)[0m  [1m[34mSELECT  "songs".* FROM "songs" ORDER BY id DESC LIMIT ? OFFSET ?[0m  [["LIMIT", 10], ["OFFSET", 0]]
  ↳ app/views/songs/index.html.erb:30
  [1m[36mSong Load (0.4ms)[0m  [1m[34mSELECT  "songs".* FROM "songs" ORDER BY id DESC LIMIT ? OFFSET ?[0m  [["LIMIT", 1], ["OFFSET", 0]]
  ↳ app/views/songs/index.html.erb:51
  Rendered songs/index.html.erb within layouts/application (7.2ms)
Completed 200 OK in 41ms (Views: 38.1ms | ActiveRecord: 0.7ms)


  [1m[35m (0.5ms)[0m  [1m[34mSELECT "schema_migrations"."version" FROM "schema_migrations" ORDER BY "schema_migrations"."version" ASC[0m
  ↳ bin/rails:4
  [1m[36mActiveRecord::InternalMetadata Load (0.4ms)[0m  [1m[34mSELECT  "ar_internal_metadata".* FROM "ar_internal_metadata" WHERE "ar_internal_metadata"."key" = ? LIMIT ?[0m  [["key", "environment"], ["LIMIT", 1]]
  ↳ bin/rails:4
  [1m[35m (0.2ms)[0m  [1m[36mbegin transaction[0m
  ↳ bin/rails:4
  [1m[35m (0.2ms)[0m  [1m[36mcommit transaction[0m
  ↳ bin/rails:4
  [1m[35m (0.2ms)[0m  [1m[34mSELECT "schema_migrations"."version" FROM "schema_migrations" ORDER BY "schema_migrations"."version" ASC[0m
  ↳ bin/rails:4
  [1m[35m (0.4ms)[0m  [1m[34mSELECT "schema_migrations"."version" FROM "schema_migrations" ORDER BY "schema_migrations"."version" ASC[0m
  ↳ bin/rails:4
  [1m[36mActiveRecord::InternalMetadata Load (0.5ms)[0m  [1m[34mSELECT  "ar_internal_metadata".* FROM "ar_internal_metadata" WHERE "ar_internal_metadata"."key" = ? LIMIT ?[0m  [["key", "environment"], ["LIMIT", 1]]
  ↳ bin/rails:4
  [1m[35m (0.2ms)[0m  [1m[36mbegin transaction[0m
  ↳ bin/rails:4
  [1m[35m (0.2ms)[0m  [1m[36mcommit transaction[0m
  ↳ bin/rails:4
  [1m[35m (0.2ms)[0m  [1m[34mSELECT "schema_migrations"."version" FROM "schema_migrations" ORDER BY "schema_migrations"."version" ASC[0m
  ↳ bin/rails:4
  [1m[35m (0.4ms)[0m  [1m[34mSELECT "schema_migrations"."version" FROM "schema_migrations" ORDER BY "schema_migrations"."version" ASC[0m
  ↳ bin/rails:4
Migrating to CreateAlbums (20180516190227)
  [1m[35m (0.2ms)[0m  [1m[36mbegin transaction[0m
  ↳ bin/rails:4
  [1m[35m (0.2ms)[0m  [1m[34mSELECT sqlite_version(*)[0m
  ↳ db/migrate/20180516190227_create_albums.rb:3
  [1m[35m (1.1ms)[0m  [1m[35mCREATE TABLE "albums" ("id" integer PRIMARY KEY AUTOINCREMENT NOT NULL, "title" varchar, "premiere_date" datetime, "id_band" integer, "created_at" datetime NOT NULL, "updated_at" datetime NOT NULL)[0m
  ↳ db/migrate/20180516190227_create_albums.rb:3
  [1m[36mActiveRecord::SchemaMigration Create (0.5ms)[0m  [1m[32mINSERT INTO "schema_migrations" ("version") VALUES (?)[0m  [["version", "20180516190227"]]
  ↳ bin/rails:4
  [1m[35m (154.6ms)[0m  [1m[36mcommit transaction[0m
  ↳ bin/rails:4
Migrating to CreateBands (20180516190237)
  [1m[35m (0.2ms)[0m  [1m[36mbegin transaction[0m
  ↳ bin/rails:4
  [1m[35m (0.8ms)[0m  [1m[35mCREATE TABLE "bands" ("id" integer PRIMARY KEY AUTOINCREMENT NOT NULL, "name" varchar, "date_created" datetime, "photo" varchar, "created_at" datetime NOT NULL, "updated_at" datetime NOT NULL)[0m
  ↳ db/migrate/20180516190237_create_bands.rb:3
  [1m[36mActiveRecord::SchemaMigration Create (0.4ms)[0m  [1m[32mINSERT INTO "schema_migrations" ("version") VALUES (?)[0m  [["version", "20180516190237"]]
  ↳ bin/rails:4
  [1m[35m (171.5ms)[0m  [1m[36mcommit transaction[0m
  ↳ bin/rails:4
Migrating to CreateSongs (20180516190341)
  [1m[35m (0.1ms)[0m  [1m[36mbegin transaction[0m
  ↳ bin/rails:4
  [1m[35m (0.7ms)[0m  [1m[35mCREATE TABLE "songs" ("id" integer PRIMARY KEY AUTOINCREMENT NOT NULL, "title" varchar, "length" varchar, "lyrics" varchar, "id_album" integer, "id_band" integer, "created_at" datetime NOT NULL, "updated_at" datetime NOT NULL)[0m
  ↳ db/migrate/20180516190341_create_songs.rb:3
  [1m[35m (0.2ms)[0m  [1m[31mrollback transaction[0m
  ↳ bin/rails:4
  [1m[35m (0.5ms)[0m  [1m[34mSELECT "schema_migrations"."version" FROM "schema_migrations" ORDER BY "schema_migrations"."version" ASC[0m
  ↳ bin/rails:4
Migrating to CreateSongs (20180516190341)
  [1m[35m (0.1ms)[0m  [1m[36mbegin transaction[0m
  ↳ bin/rails:4
  [1m[35m (0.2ms)[0m  [1m[34mSELECT sqlite_version(*)[0m
  ↳ db/migrate/20180516190341_create_songs.rb:3
  [1m[35m (0.8ms)[0m  [1m[35mCREATE TABLE "songs" ("id" integer PRIMARY KEY AUTOINCREMENT NOT NULL, "title" varchar, "length" varchar, "lyrics" varchar, "id_album" integer, "id_band" integer, "created_at" datetime NOT NULL, "updated_at" datetime NOT NULL)[0m
  ↳ db/migrate/20180516190341_create_songs.rb:3
  [1m[35m (0.1ms)[0m  [1m[31mrollback transaction[0m
  ↳ bin/rails:4
  [1m[35m (0.4ms)[0m  [1m[34mSELECT "schema_migrations"."version" FROM "schema_migrations" ORDER BY "schema_migrations"."version" ASC[0m
  ↳ bin/rails:4
Migrating to CreateSongs (20180516190341)
  [1m[35m (0.2ms)[0m  [1m[36mbegin transaction[0m
  ↳ bin/rails:4
  [1m[35m (0.2ms)[0m  [1m[34mSELECT sqlite_version(*)[0m
  ↳ db/migrate/20180516190341_create_songs.rb:3
  [1m[35m (0.8ms)[0m  [1m[35mCREATE TABLE "songs" ("id" integer PRIMARY KEY AUTOINCREMENT NOT NULL, "title" varchar, "length" varchar, "lyrics" varchar, "id_album" integer, "id_band" integer, "created_at" datetime NOT NULL, "updated_at" datetime NOT NULL)[0m
  ↳ db/migrate/20180516190341_create_songs.rb:3
  [1m[35m (0.2ms)[0m  [1m[31mrollback transaction[0m
  ↳ bin/rails:4
  [1m[35m (0.5ms)[0m  [1m[34mSELECT "schema_migrations"."version" FROM "schema_migrations" ORDER BY "schema_migrations"."version" ASC[0m
  ↳ bin/rails:4
Migrating to CreateSongs (20180516190934)
  [1m[35m (0.1ms)[0m  [1m[36mbegin transaction[0m
  ↳ bin/rails:4
  [1m[35m (0.2ms)[0m  [1m[34mSELECT sqlite_version(*)[0m
  ↳ db/migrate/20180516190934_create_songs.rb:3
  [1m[35m (1.9ms)[0m  [1m[35mCREATE TABLE "songs" ("id" integer PRIMARY KEY AUTOINCREMENT NOT NULL, "title" varchar, "length" varchar, "lyrics" varchar, "id_album" integer, "id_band" integer, "created_at" datetime NOT NULL, "updated_at" datetime NOT NULL)[0m
  ↳ db/migrate/20180516190934_create_songs.rb:3
  [1m[35m (0.1ms)[0m  [1m[31mrollback transaction[0m
  ↳ bin/rails:4
  [1m[35m (0.5ms)[0m  [1m[34mSELECT "schema_migrations"."version" FROM "schema_migrations" ORDER BY "schema_migrations"."version" ASC[0m
  ↳ bin/rails:4
Migrating to CreateSongs (20180516190934)
  [1m[35m (0.1ms)[0m  [1m[36mbegin transaction[0m
  ↳ bin/rails:4
  [1m[35m (0.3ms)[0m  [1m[34mSELECT sqlite_version(*)[0m
  ↳ db/migrate/20180516190934_create_songs.rb:3
  [1m[35m (0.6ms)[0m  [1m[35mCREATE TABLE "songs" ("id" integer PRIMARY KEY AUTOINCREMENT NOT NULL, "title" varchar, "length" varchar, "lyrics" varchar, "id_album" integer, "id_band" integer, "created_at" datetime NOT NULL, "updated_at" datetime NOT NULL)[0m
  ↳ db/migrate/20180516190934_create_songs.rb:3
  [1m[36mActiveRecord::SchemaMigration Create (0.6ms)[0m  [1m[32mINSERT INTO "schema_migrations" ("version") VALUES (?)[0m  [["version", "20180516190934"]]
  ↳ bin/rails:4
  [1m[35m (143.9ms)[0m  [1m[36mcommit transaction[0m
  ↳ bin/rails:4
  [1m[36mActiveRecord::InternalMetadata Load (0.5ms)[0m  [1m[34mSELECT  "ar_internal_metadata".* FROM "ar_internal_metadata" WHERE "ar_internal_metadata"."key" = ? LIMIT ?[0m  [["key", "environment"], ["LIMIT", 1]]
  ↳ bin/rails:4
  [1m[35m (0.2ms)[0m  [1m[36mbegin transaction[0m
  ↳ bin/rails:4
  [1m[35m (0.2ms)[0m  [1m[36mcommit transaction[0m
  ↳ bin/rails:4
  [1m[35m (0.3ms)[0m  [1m[34mSELECT "schema_migrations"."version" FROM "schema_migrations" ORDER BY "schema_migrations"."version" ASC[0m
  ↳ bin/rails:4
  [1m[35m (0.5ms)[0m  [1m[34mSELECT "schema_migrations"."version" FROM "schema_migrations" ORDER BY "schema_migrations"."version" ASC[0m
  ↳ bin/rails:4
Migrating to CreateBands (20180516191842)
  [1m[35m (0.2ms)[0m  [1m[36mbegin transaction[0m
  ↳ bin/rails:4
  [1m[35m (0.5ms)[0m  [1m[34mSELECT sqlite_version(*)[0m
  ↳ db/migrate/20180516191842_create_bands.rb:3
  [1m[35m (0.8ms)[0m  [1m[35mCREATE TABLE "bands" ("id" integer PRIMARY KEY AUTOINCREMENT NOT NULL, "name" varchar, "date_created" datetime, "photo" varchar, "created_at" datetime NOT NULL, "updated_at" datetime NOT NULL)[0m
  ↳ db/migrate/20180516191842_create_bands.rb:3
  [1m[36mActiveRecord::SchemaMigration Create (0.4ms)[0m  [1m[32mINSERT INTO "schema_migrations" ("version") VALUES (?)[0m  [["version", "20180516191842"]]
  ↳ bin/rails:4
  [1m[35m (153.7ms)[0m  [1m[36mcommit transaction[0m
  ↳ bin/rails:4
Migrating to CreateAlbums (20180516191921)
  [1m[35m (0.2ms)[0m  [1m[36mbegin transaction[0m
  ↳ bin/rails:4
  [1m[35m (1.0ms)[0m  [1m[35mCREATE TABLE "albums" ("id" integer PRIMARY KEY AUTOINCREMENT NOT NULL, "title" varchar, "premiere_date" datetime, "id_band" integer, "created_at" datetime NOT NULL, "updated_at" datetime NOT NULL)[0m
  ↳ db/migrate/20180516191921_create_albums.rb:3
  [1m[36mActiveRecord::SchemaMigration Create (0.5ms)[0m  [1m[32mINSERT INTO "schema_migrations" ("version") VALUES (?)[0m  [["version", "20180516191921"]]
  ↳ bin/rails:4
  [1m[35m (158.4ms)[0m  [1m[36mcommit transaction[0m
  ↳ bin/rails:4
  [1m[36mActiveRecord::InternalMetadata Load (0.5ms)[0m  [1m[34mSELECT  "ar_internal_metadata".* FROM "ar_internal_metadata" WHERE "ar_internal_metadata"."key" = ? LIMIT ?[0m  [["key", "environment"], ["LIMIT", 1]]
  ↳ bin/rails:4
  [1m[35m (0.2ms)[0m  [1m[36mbegin transaction[0m
  ↳ bin/rails:4
  [1m[35m (0.2ms)[0m  [1m[36mcommit transaction[0m
  ↳ bin/rails:4
  [1m[35m (0.3ms)[0m  [1m[34mSELECT "schema_migrations"."version" FROM "schema_migrations" ORDER BY "schema_migrations"."version" ASC[0m
  ↳ bin/rails:4
Started GET "/" for 127.0.0.1 at 2018-05-16 21:21:16 +0200
  [1m[35m (0.5ms)[0m  [1m[34mSELECT "schema_migrations"."version" FROM "schema_migrations" ORDER BY "schema_migrations"."version" ASC[0m
  ↳ /home/mikolaj/.rvm/gems/ruby-2.5.1/gems/activerecord-5.2.0/lib/active_record/log_subscriber.rb:98
Processing by SongsController#index as HTML
  Rendering songs/index.html.erb within layouts/application
  [1m[36mSong Load (0.5ms)[0m  [1m[34mSELECT  "songs".* FROM "songs" ORDER BY id DESC LIMIT ? OFFSET ?[0m  [["LIMIT", 10], ["OFFSET", 0]]
  ↳ app/views/songs/index.html.erb:30
  Rendered songs/index.html.erb within layouts/application (8.5ms)
Completed 200 OK in 422ms (Views: 407.4ms | ActiveRecord: 0.9ms)


Started GET "/songs/new" for 127.0.0.1 at 2018-05-16 21:21:20 +0200
Processing by SongsController#new as HTML
  Rendering songs/new.html.erb within layouts/application
  Rendered songs/new.html.erb within layouts/application (39.6ms)
Completed 500 Internal Server Error in 58ms (ActiveRecord: 1.0ms)


  
ActionView::Template::Error (undefined method `author' for #<Song:0x00007ffb440260d8>):
    10:           <div class="row">
    11:             <div class="col-xs-8">
    12:               <label class="control-label">Songs author</label>
    13:               <%= f.text_field :author, class: "form-control" %>
    14:             </div>
    15: 
    16:             <div class="col-xs-4">
  
app/views/songs/new.html.erb:13:in `block in _app_views_songs_new_html_erb__2074093070973263214_70358577606380'
app/views/songs/new.html.erb:2:in `_app_views_songs_new_html_erb__2074093070973263214_70358577606380'
  [1m[36mActiveRecord::InternalMetadata Load (0.5ms)[0m  [1m[34mSELECT  "ar_internal_metadata".* FROM "ar_internal_metadata" WHERE "ar_internal_metadata"."key" = ? LIMIT ?[0m  [["key", "environment"], ["LIMIT", 1]]
  ↳ bin/rails:4
  [1m[35m (0.2ms)[0m  [1m[36mbegin transaction[0m
  ↳ bin/rails:4
  [1m[35m (0.2ms)[0m  [1m[36mcommit transaction[0m
  ↳ bin/rails:4
  [1m[35m (0.4ms)[0m  [1m[34mSELECT "schema_migrations"."version" FROM "schema_migrations" ORDER BY "schema_migrations"."version" ASC[0m
  ↳ bin/rails:4
  [1m[36mActiveRecord::InternalMetadata Load (1.4ms)[0m  [1m[34mSELECT  "ar_internal_metadata".* FROM "ar_internal_metadata" WHERE "ar_internal_metadata"."key" = ? LIMIT ?[0m  [["key", "environment"], ["LIMIT", 1]]
  ↳ bin/rails:4
  [1m[35m (0.1ms)[0m  [1m[36mbegin transaction[0m
  ↳ bin/rails:4
  [1m[35m (0.1ms)[0m  [1m[36mcommit transaction[0m
  ↳ bin/rails:4
  [1m[35m (0.3ms)[0m  [1m[34mSELECT "schema_migrations"."version" FROM "schema_migrations" ORDER BY "schema_migrations"."version" ASC[0m
  ↳ bin/rails:4
  [1m[36mActiveRecord::InternalMetadata Load (0.6ms)[0m  [1m[34mSELECT  "ar_internal_metadata".* FROM "ar_internal_metadata" WHERE "ar_internal_metadata"."key" = ? LIMIT ?[0m  [["key", "environment"], ["LIMIT", 1]]
  ↳ bin/rails:4
  [1m[35m (0.2ms)[0m  [1m[36mbegin transaction[0m
  ↳ bin/rails:4
  [1m[35m (0.2ms)[0m  [1m[36mcommit transaction[0m
  ↳ bin/rails:4
  [1m[35m (0.5ms)[0m  [1m[34mSELECT "schema_migrations"."version" FROM "schema_migrations" ORDER BY "schema_migrations"."version" ASC[0m
  ↳ bin/rails:4
  [1m[36mActiveRecord::InternalMetadata Load (0.4ms)[0m  [1m[34mSELECT  "ar_internal_metadata".* FROM "ar_internal_metadata" WHERE "ar_internal_metadata"."key" = ? LIMIT ?[0m  [["key", "environment"], ["LIMIT", 1]]
  ↳ bin/rails:4
  [1m[35m (0.1ms)[0m  [1m[36mbegin transaction[0m
  ↳ bin/rails:4
  [1m[35m (0.1ms)[0m  [1m[36mcommit transaction[0m
  ↳ bin/rails:4
  [1m[35m (0.4ms)[0m  [1m[34mSELECT "schema_migrations"."version" FROM "schema_migrations" ORDER BY "schema_migrations"."version" ASC[0m
  ↳ bin/rails:4
  [1m[35m (0.5ms)[0m  [1m[34mSELECT "schema_migrations"."version" FROM "schema_migrations" ORDER BY "schema_migrations"."version" ASC[0m
  ↳ bin/rails:4
Migrating to CreateBands (20180516193812)
  [1m[35m (0.1ms)[0m  [1m[36mbegin transaction[0m
  ↳ bin/rails:4
  [1m[35m (0.2ms)[0m  [1m[34mSELECT sqlite_version(*)[0m
  ↳ db/migrate/20180516193812_create_bands.rb:3
  [1m[35m (0.7ms)[0m  [1m[35mCREATE TABLE "bands" ("id" integer PRIMARY KEY AUTOINCREMENT NOT NULL, "name" varchar, "date_created" datetime, "photo" varchar, "created_at" datetime NOT NULL, "updated_at" datetime NOT NULL)[0m
  ↳ db/migrate/20180516193812_create_bands.rb:3
  [1m[36mActiveRecord::SchemaMigration Create (0.5ms)[0m  [1m[32mINSERT INTO "schema_migrations" ("version") VALUES (?)[0m  [["version", "20180516193812"]]
  ↳ bin/rails:4
  [1m[35m (146.3ms)[0m  [1m[36mcommit transaction[0m
  ↳ bin/rails:4
Migrating to CreateAlbums (20180516193834)
  [1m[35m (0.2ms)[0m  [1m[36mbegin transaction[0m
  ↳ bin/rails:4
  [1m[35m (0.8ms)[0m  [1m[35mCREATE TABLE "albums" ("id" integer PRIMARY KEY AUTOINCREMENT NOT NULL, "title" varchar, "premiere_date" datetime, "band_id" integer, "created_at" datetime NOT NULL, "updated_at" datetime NOT NULL, CONSTRAINT "fk_rails_dd448a2456"
FOREIGN KEY ("band_id")
  REFERENCES "bands" ("id")
)[0m
  ↳ db/migrate/20180516193834_create_albums.rb:3
  [1m[35m (0.6ms)[0m  [1m[35mCREATE  INDEX "index_albums_on_band_id" ON "albums" ("band_id")[0m
  ↳ db/migrate/20180516193834_create_albums.rb:3
  [1m[36mActiveRecord::SchemaMigration Create (0.5ms)[0m  [1m[32mINSERT INTO "schema_migrations" ("version") VALUES (?)[0m  [["version", "20180516193834"]]
  ↳ bin/rails:4
  [1m[35m (146.2ms)[0m  [1m[36mcommit transaction[0m
  ↳ bin/rails:4
Migrating to CreateSongs (20180516193848)
  [1m[35m (0.3ms)[0m  [1m[36mbegin transaction[0m
  ↳ bin/rails:4
  [1m[35m (1.0ms)[0m  [1m[35mCREATE TABLE "songs" ("id" integer PRIMARY KEY AUTOINCREMENT NOT NULL, "title" varchar, "length" varchar, "lyrics" varchar, "album_id" integer, "created_at" datetime NOT NULL, "updated_at" datetime NOT NULL, CONSTRAINT "fk_rails_f4e40cd655"
FOREIGN KEY ("album_id")
  REFERENCES "albums" ("id")
)[0m
  ↳ db/migrate/20180516193848_create_songs.rb:3
  [1m[35m (0.5ms)[0m  [1m[35mCREATE  INDEX "index_songs_on_album_id" ON "songs" ("album_id")[0m
  ↳ db/migrate/20180516193848_create_songs.rb:3
  [1m[36mActiveRecord::SchemaMigration Create (0.4ms)[0m  [1m[32mINSERT INTO "schema_migrations" ("version") VALUES (?)[0m  [["version", "20180516193848"]]
  ↳ bin/rails:4
  [1m[35m (179.7ms)[0m  [1m[36mcommit transaction[0m
  ↳ bin/rails:4
  [1m[36mActiveRecord::InternalMetadata Load (0.6ms)[0m  [1m[34mSELECT  "ar_internal_metadata".* FROM "ar_internal_metadata" WHERE "ar_internal_metadata"."key" = ? LIMIT ?[0m  [["key", "environment"], ["LIMIT", 1]]
  ↳ bin/rails:4
  [1m[35m (0.2ms)[0m  [1m[36mbegin transaction[0m
  ↳ bin/rails:4
  [1m[35m (0.2ms)[0m  [1m[36mcommit transaction[0m
  ↳ bin/rails:4
  [1m[35m (0.4ms)[0m  [1m[34mSELECT "schema_migrations"."version" FROM "schema_migrations" ORDER BY "schema_migrations"."version" ASC[0m
  ↳ bin/rails:4
